/home/darkseoa/nodevenv/overlay/20/lib/node_modules/ejs/lib/ejs.js:752
            throw new Error('Could not find matching close tag for "' + line + '".');
                  ^

Error: Could not find matching close tag for "<%".
    at /home/darkseoa/nodevenv/overlay/20/lib/node_modules/ejs/lib/ejs.js:752:19
    at Array.forEach (<anonymous>)
    at Template.generateSource (/home/darkseoa/nodevenv/overlay/20/lib/node_modules/ejs/lib/ejs.js:742:15)
    at Template.compile (/home/darkseoa/nodevenv/overlay/20/lib/node_modules/ejs/lib/ejs.js:587:12)
    at Object.compile (/home/darkseoa/nodevenv/overlay/20/lib/node_modules/ejs/lib/ejs.js:398:16)
    at handleCache (/home/darkseoa/nodevenv/overlay/20/lib/node_modules/ejs/lib/ejs.js:235:18)
    at /home/darkseoa/nodevenv/overlay/20/lib/node_modules/ejs/lib/ejs.js:260:20
    at new Promise (<anonymous>)
    at tryHandleCache (/home/darkseoa/nodevenv/overlay/20/lib/node_modules/ejs/lib/ejs.js:258:14)
    at exports.renderFile (/home/darkseoa/nodevenv/overlay/20/lib/node_modules/ejs/lib/ejs.js:491:10)

Node.js v20.12.2
/home/darkseoa/nodevenv/overlay/20/lib/node_modules/ejs/lib/ejs.js:752
            throw new Error('Could not find matching close tag for "' + line + '".');
                  ^

Error: Could not find matching close tag for "<%".
    at /home/darkseoa/nodevenv/overlay/20/lib/node_modules/ejs/lib/ejs.js:752:19
    at Array.forEach (<anonymous>)
    at Template.generateSource (/home/darkseoa/nodevenv/overlay/20/lib/node_modules/ejs/lib/ejs.js:742:15)
    at Template.compile (/home/darkseoa/nodevenv/overlay/20/lib/node_modules/ejs/lib/ejs.js:587:12)
    at Object.compile (/home/darkseoa/nodevenv/overlay/20/lib/node_modules/ejs/lib/ejs.js:398:16)
    at handleCache (/home/darkseoa/nodevenv/overlay/20/lib/node_modules/ejs/lib/ejs.js:235:18)
    at /home/darkseoa/nodevenv/overlay/20/lib/node_modules/ejs/lib/ejs.js:260:20
    at new Promise (<anonymous>)
    at tryHandleCache (/home/darkseoa/nodevenv/overlay/20/lib/node_modules/ejs/lib/ejs.js:258:14)
    at exports.renderFile (/home/darkseoa/nodevenv/overlay/20/lib/node_modules/ejs/lib/ejs.js:491:10)

Node.js v20.12.2
/home/darkseoa/nodevenv/overlay/20/lib/node_modules/ejs/lib/ejs.js:752
            throw new Error('Could not find matching close tag for "' + line + '".');
                  ^

Error: Could not find matching close tag for "<%".
    at /home/darkseoa/nodevenv/overlay/20/lib/node_modules/ejs/lib/ejs.js:752:19
    at Array.forEach (<anonymous>)
    at Template.generateSource (/home/darkseoa/nodevenv/overlay/20/lib/node_modules/ejs/lib/ejs.js:742:15)
    at Template.compile (/home/darkseoa/nodevenv/overlay/20/lib/node_modules/ejs/lib/ejs.js:587:12)
    at Object.compile (/home/darkseoa/nodevenv/overlay/20/lib/node_modules/ejs/lib/ejs.js:398:16)
    at handleCache (/home/darkseoa/nodevenv/overlay/20/lib/node_modules/ejs/lib/ejs.js:235:18)
    at /home/darkseoa/nodevenv/overlay/20/lib/node_modules/ejs/lib/ejs.js:260:20
    at new Promise (<anonymous>)
    at tryHandleCache (/home/darkseoa/nodevenv/overlay/20/lib/node_modules/ejs/lib/ejs.js:258:14)
    at exports.renderFile (/home/darkseoa/nodevenv/overlay/20/lib/node_modules/ejs/lib/ejs.js:491:10)

Node.js v20.12.2
/home/darkseoa/nodevenv/overlay/20/lib/node_modules/ejs/lib/ejs.js:752
            throw new Error('Could not find matching close tag for "' + line + '".');
                  ^

Error: Could not find matching close tag for "<%".
    at /home/darkseoa/nodevenv/overlay/20/lib/node_modules/ejs/lib/ejs.js:752:19
    at Array.forEach (<anonymous>)
    at Template.generateSource (/home/darkseoa/nodevenv/overlay/20/lib/node_modules/ejs/lib/ejs.js:742:15)
    at Template.compile (/home/darkseoa/nodevenv/overlay/20/lib/node_modules/ejs/lib/ejs.js:587:12)
    at Object.compile (/home/darkseoa/nodevenv/overlay/20/lib/node_modules/ejs/lib/ejs.js:398:16)
    at handleCache (/home/darkseoa/nodevenv/overlay/20/lib/node_modules/ejs/lib/ejs.js:235:18)
    at /home/darkseoa/nodevenv/overlay/20/lib/node_modules/ejs/lib/ejs.js:260:20
    at new Promise (<anonymous>)
    at tryHandleCache (/home/darkseoa/nodevenv/overlay/20/lib/node_modules/ejs/lib/ejs.js:258:14)
    at exports.renderFile (/home/darkseoa/nodevenv/overlay/20/lib/node_modules/ejs/lib/ejs.js:491:10)

Node.js v20.12.2
(node:1358796) [DEP0005] DeprecationWarning: Buffer() is deprecated due to security and usability issues. Please use the Buffer.alloc(), Buffer.allocUnsafe(), or Buffer.from() methods instead.
(Use `node --trace-deprecation ...` to show where the warning was created)
"views/overlay.ejs":16
    if (dbdata.style == "moonkingbean") { 
               ^

TypeError: views/overlay.ejs:11
    9|   integrity="sha256-/JqT3SQfawRcv/BIHPThkBvs0OEvtFFmqPF/lYI/Cxo="
    10|   crossorigin="anonymous"></script>
 >> 11|     <% var dbdata = await DBEdit.findOne({where: {user: req.query.user }})
    12|     
    13|     
    14|     

Cannot read properties of null (reading 'style')
    at eval ("views/overlay.ejs":16:16)
    at async /home/darkseoa/overlay/index.js:152:18 {
  path: 'views/overlay.ejs'
}

Node.js v20.12.2
"views/overlay.ejs":16
    if (dbdata.style == "moonkingbean") { 
               ^

TypeError: views/overlay.ejs:11
    9|   integrity="sha256-/JqT3SQfawRcv/BIHPThkBvs0OEvtFFmqPF/lYI/Cxo="
    10|   crossorigin="anonymous"></script>
 >> 11|     <% var dbdata = await DBEdit.findOne({where: {user: req.query.user }})
    12|     
    13|     
    14|     

Cannot read properties of null (reading 'style')
    at eval ("views/overlay.ejs":16:16)
    at async /home/darkseoa/overlay/index.js:152:18 {
  path: 'views/overlay.ejs'
}

Node.js v20.12.2
/home/darkseoa/overlay/index.js:368
    const userMain = req.session.passport.user;
                                          ^

TypeError: Cannot read properties of undefined (reading 'user')
    at /home/darkseoa/overlay/index.js:368:43
    at process.processTicksAndRejections (node:internal/process/task_queues:95:5)

Node.js v20.12.2
"views/overlay.ejs":16
    if (dbdata.style == "moonkingbean") { 
               ^

TypeError: views/overlay.ejs:11
    9|   integrity="sha256-/JqT3SQfawRcv/BIHPThkBvs0OEvtFFmqPF/lYI/Cxo="
    10|   crossorigin="anonymous"></script>
 >> 11|     <% var dbdata = await DBEdit.findOne({where: {user: req.query.user }})
    12|     
    13|     
    14|     

Cannot read properties of null (reading 'style')
    at eval ("views/overlay.ejs":16:16)
    at async /home/darkseoa/overlay/index.js:152:18 {
  path: 'views/overlay.ejs'
}

Node.js v20.12.2
"views/overlay.ejs":16
    if (dbdata.style == "moonkingbean") { 
               ^

TypeError: views/overlay.ejs:11
    9|   integrity="sha256-/JqT3SQfawRcv/BIHPThkBvs0OEvtFFmqPF/lYI/Cxo="
    10|   crossorigin="anonymous"></script>
 >> 11|     <% var dbdata = await DBEdit.findOne({where: {user: req.query.user }})
    12|     
    13|     
    14|     

Cannot read properties of null (reading 'style')
    at eval ("views/overlay.ejs":16:16)
    at async /home/darkseoa/overlay/index.js:152:18 {
  path: 'views/overlay.ejs'
}

Node.js v20.12.2
"views/overlay.ejs":16
    if (dbdata.style == "moonkingbean") { 
               ^

TypeError: views/overlay.ejs:11
    9|   integrity="sha256-/JqT3SQfawRcv/BIHPThkBvs0OEvtFFmqPF/lYI/Cxo="
    10|   crossorigin="anonymous"></script>
 >> 11|     <% var dbdata = await DBEdit.findOne({where: {user: req.query.user }})
    12|     
    13|     
    14|     

Cannot read properties of null (reading 'style')
    at eval ("views/overlay.ejs":16:16)
    at async /home/darkseoa/overlay/index.js:152:18 {
  path: 'views/overlay.ejs'
}

Node.js v20.12.2
"views/overlay.ejs":16
    if (dbdata.style == "moonkingbean") { 
               ^

TypeError: views/overlay.ejs:11
    9|   integrity="sha256-/JqT3SQfawRcv/BIHPThkBvs0OEvtFFmqPF/lYI/Cxo="
    10|   crossorigin="anonymous"></script>
 >> 11|     <% var dbdata = await DBEdit.findOne({where: {user: req.query.user }})
    12|     
    13|     
    14|     

Cannot read properties of null (reading 'style')
    at eval ("views/overlay.ejs":16:16)
    at async /home/darkseoa/overlay/index.js:152:18 {
  path: 'views/overlay.ejs'
}

Node.js v20.12.2
Exception ignored in: <_io.TextIOWrapper name='<stdout>' mode='w' encoding='utf-8'>
BrokenPipeError: [Errno 32] Broken pipe
/home/darkseoa/overlay/index.js:341
        }else if (response.statusCode === 204) {
                           ^

TypeError: Cannot read properties of undefined (reading 'statusCode')
    at Request._callback (/home/darkseoa/overlay/index.js:341:28)
    at self.callback (/home/darkseoa/nodevenv/overlay/20/lib/node_modules/request/request.js:185:22)
    at Request.emit (node:events:518:28)
    at Request.onRequestError (/home/darkseoa/nodevenv/overlay/20/lib/node_modules/request/request.js:877:8)
    at ClientRequest.emit (node:events:518:28)
    at TLSSocket.socketErrorListener (node:_http_client:500:9)
    at TLSSocket.emit (node:events:518:28)
    at emitErrorNT (node:internal/streams/destroy:169:8)
    at emitErrorCloseNT (node:internal/streams/destroy:128:3)
    at process.processTicksAndRejections (node:internal/process/task_queues:82:21)

Node.js v20.12.2
/home/darkseoa/overlay/index.js:341
        }else if (response.statusCode === 204) {
                           ^

TypeError: Cannot read properties of undefined (reading 'statusCode')
    at Request._callback (/home/darkseoa/overlay/index.js:341:28)
    at self.callback (/home/darkseoa/nodevenv/overlay/20/lib/node_modules/request/request.js:185:22)
    at Request.emit (node:events:518:28)
    at Request.onRequestError (/home/darkseoa/nodevenv/overlay/20/lib/node_modules/request/request.js:877:8)
    at ClientRequest.emit (node:events:518:28)
    at TLSSocket.socketErrorListener (node:_http_client:500:9)
    at TLSSocket.emit (node:events:518:28)
    at emitErrorNT (node:internal/streams/destroy:169:8)
    at emitErrorCloseNT (node:internal/streams/destroy:128:3)
    at process.processTicksAndRejections (node:internal/process/task_queues:82:21)

Node.js v20.12.2
/home/darkseoa/overlay/index.js:341
        }else if (response.statusCode === 204) {
                           ^

TypeError: Cannot read properties of undefined (reading 'statusCode')
    at Request._callback (/home/darkseoa/overlay/index.js:341:28)
    at self.callback (/home/darkseoa/nodevenv/overlay/20/lib/node_modules/request/request.js:185:22)
    at Request.emit (node:events:518:28)
    at Request.onRequestError (/home/darkseoa/nodevenv/overlay/20/lib/node_modules/request/request.js:877:8)
    at ClientRequest.emit (node:events:518:28)
    at TLSSocket.socketErrorListener (node:_http_client:500:9)
    at TLSSocket.emit (node:events:518:28)
    at emitErrorNT (node:internal/streams/destroy:169:8)
    at emitErrorCloseNT (node:internal/streams/destroy:128:3)
    at process.processTicksAndRejections (node:internal/process/task_queues:82:21)

Node.js v20.12.2
/home/darkseoa/overlay/index.js:341
        }else if (response.statusCode === 204) {
                           ^

TypeError: Cannot read properties of undefined (reading 'statusCode')
    at Request._callback (/home/darkseoa/overlay/index.js:341:28)
    at self.callback (/home/darkseoa/nodevenv/overlay/20/lib/node_modules/request/request.js:185:22)
    at Request.emit (node:events:518:28)
    at Request.onRequestError (/home/darkseoa/nodevenv/overlay/20/lib/node_modules/request/request.js:877:8)
    at ClientRequest.emit (node:events:518:28)
    at TLSSocket.socketErrorListener (node:_http_client:500:9)
    at TLSSocket.emit (node:events:518:28)
    at emitErrorNT (node:internal/streams/destroy:169:8)
    at emitErrorCloseNT (node:internal/streams/destroy:128:3)
    at process.processTicksAndRejections (node:internal/process/task_queues:82:21)

Node.js v20.12.2
/home/darkseoa/overlay/index.js:341
        }else if (response.statusCode === 204) {
                           ^

TypeError: Cannot read properties of undefined (reading 'statusCode')
    at Request._callback (/home/darkseoa/overlay/index.js:341:28)
    at self.callback (/home/darkseoa/nodevenv/overlay/20/lib/node_modules/request/request.js:185:22)
    at Request.emit (node:events:518:28)
    at Request.onRequestError (/home/darkseoa/nodevenv/overlay/20/lib/node_modules/request/request.js:877:8)
    at ClientRequest.emit (node:events:518:28)
    at TLSSocket.socketErrorListener (node:_http_client:500:9)
    at TLSSocket.emit (node:events:518:28)
    at emitErrorNT (node:internal/streams/destroy:169:8)
    at emitErrorCloseNT (node:internal/streams/destroy:128:3)
    at process.processTicksAndRejections (node:internal/process/task_queues:82:21)

Node.js v20.12.2
/home/darkseoa/overlay/index.js:341
        }else if (response.statusCode === 204) {
                           ^

TypeError: Cannot read properties of undefined (reading 'statusCode')
    at Request._callback (/home/darkseoa/overlay/index.js:341:28)
    at self.callback (/home/darkseoa/nodevenv/overlay/20/lib/node_modules/request/request.js:185:22)
    at Request.emit (node:events:518:28)
    at Request.onRequestError (/home/darkseoa/nodevenv/overlay/20/lib/node_modules/request/request.js:877:8)
    at ClientRequest.emit (node:events:518:28)
    at TLSSocket.socketErrorListener (node:_http_client:500:9)
    at TLSSocket.emit (node:events:518:28)
    at emitErrorNT (node:internal/streams/destroy:169:8)
    at emitErrorCloseNT (node:internal/streams/destroy:128:3)
    at process.processTicksAndRejections (node:internal/process/task_queues:82:21)

Node.js v20.12.2
/home/darkseoa/overlay/index.js:341
        }else if (response.statusCode === 204) {
                           ^

TypeError: Cannot read properties of undefined (reading 'statusCode')
    at Request._callback (/home/darkseoa/overlay/index.js:341:28)
    at self.callback (/home/darkseoa/nodevenv/overlay/20/lib/node_modules/request/request.js:185:22)
    at Request.emit (node:events:518:28)
    at Request.onRequestError (/home/darkseoa/nodevenv/overlay/20/lib/node_modules/request/request.js:877:8)
    at ClientRequest.emit (node:events:518:28)
    at TLSSocket.socketErrorListener (node:_http_client:500:9)
    at TLSSocket.emit (node:events:518:28)
    at emitErrorNT (node:internal/streams/destroy:169:8)
    at emitErrorCloseNT (node:internal/streams/destroy:128:3)
    at process.processTicksAndRejections (node:internal/process/task_queues:82:21)

Node.js v20.12.2
/home/darkseoa/overlay/index.js:341
        }else if (response.statusCode === 204) {
                           ^

TypeError: Cannot read properties of undefined (reading 'statusCode')
    at Request._callback (/home/darkseoa/overlay/index.js:341:28)
    at self.callback (/home/darkseoa/nodevenv/overlay/20/lib/node_modules/request/request.js:185:22)
    at Request.emit (node:events:518:28)
    at Request.onRequestError (/home/darkseoa/nodevenv/overlay/20/lib/node_modules/request/request.js:877:8)
    at ClientRequest.emit (node:events:518:28)
    at TLSSocket.socketErrorListener (node:_http_client:500:9)
    at TLSSocket.emit (node:events:518:28)
    at emitErrorNT (node:internal/streams/destroy:169:8)
    at emitErrorCloseNT (node:internal/streams/destroy:128:3)
    at process.processTicksAndRejections (node:internal/process/task_queues:82:21)

Node.js v20.12.2
/home/darkseoa/overlay/index.js:341
        }else if (response.statusCode === 204) {
                           ^

TypeError: Cannot read properties of undefined (reading 'statusCode')
    at Request._callback (/home/darkseoa/overlay/index.js:341:28)
    at self.callback (/home/darkseoa/nodevenv/overlay/20/lib/node_modules/request/request.js:185:22)
    at Request.emit (node:events:518:28)
    at Request.onRequestError (/home/darkseoa/nodevenv/overlay/20/lib/node_modules/request/request.js:877:8)
    at ClientRequest.emit (node:events:518:28)
    at TLSSocket.socketErrorListener (node:_http_client:500:9)
    at TLSSocket.emit (node:events:518:28)
    at emitErrorNT (node:internal/streams/destroy:169:8)
    at emitErrorCloseNT (node:internal/streams/destroy:128:3)
    at process.processTicksAndRejections (node:internal/process/task_queues:82:21)

Node.js v20.12.2
/home/darkseoa/overlay/index.js:341
        }else if (response.statusCode === 204) {
                           ^

TypeError: Cannot read properties of undefined (reading 'statusCode')
    at Request._callback (/home/darkseoa/overlay/index.js:341:28)
    at self.callback (/home/darkseoa/nodevenv/overlay/20/lib/node_modules/request/request.js:185:22)
    at Request.emit (node:events:518:28)
    at Request.onRequestError (/home/darkseoa/nodevenv/overlay/20/lib/node_modules/request/request.js:877:8)
    at ClientRequest.emit (node:events:518:28)
    at TLSSocket.socketErrorListener (node:_http_client:500:9)
    at TLSSocket.emit (node:events:518:28)
    at emitErrorNT (node:internal/streams/destroy:169:8)
    at emitErrorCloseNT (node:internal/streams/destroy:128:3)
    at process.processTicksAndRejections (node:internal/process/task_queues:82:21)

Node.js v20.12.2
/home/darkseoa/overlay/index.js:372
    const userMain = req.session.passport.user;
                                          ^

TypeError: Cannot read properties of undefined (reading 'user')
    at /home/darkseoa/overlay/index.js:372:43
    at process.processTicksAndRejections (node:internal/process/task_queues:95:5)

Node.js v20.12.2
/home/darkseoa/overlay/index.js:341
        }else if (response.statusCode === 204) {
                           ^

TypeError: Cannot read properties of undefined (reading 'statusCode')
    at Request._callback (/home/darkseoa/overlay/index.js:341:28)
    at self.callback (/home/darkseoa/nodevenv/overlay/20/lib/node_modules/request/request.js:185:22)
    at Request.emit (node:events:518:28)
    at Request.onRequestError (/home/darkseoa/nodevenv/overlay/20/lib/node_modules/request/request.js:877:8)
    at ClientRequest.emit (node:events:518:28)
    at TLSSocket.socketErrorListener (node:_http_client:500:9)
    at TLSSocket.emit (node:events:518:28)
    at emitErrorNT (node:internal/streams/destroy:169:8)
    at emitErrorCloseNT (node:internal/streams/destroy:128:3)
    at process.processTicksAndRejections (node:internal/process/task_queues:82:21)

Node.js v20.12.2
/home/darkseoa/overlay/index.js:341
        }else if (response.statusCode === 204) {
                           ^

TypeError: Cannot read properties of undefined (reading 'statusCode')
    at Request._callback (/home/darkseoa/overlay/index.js:341:28)
    at self.callback (/home/darkseoa/nodevenv/overlay/20/lib/node_modules/request/request.js:185:22)
    at Request.emit (node:events:518:28)
    at Request.onRequestError (/home/darkseoa/nodevenv/overlay/20/lib/node_modules/request/request.js:877:8)
    at ClientRequest.emit (node:events:518:28)
    at TLSSocket.socketErrorListener (node:_http_client:500:9)
    at TLSSocket.emit (node:events:518:28)
    at emitErrorNT (node:internal/streams/destroy:169:8)
    at emitErrorCloseNT (node:internal/streams/destroy:128:3)
    at process.processTicksAndRejections (node:internal/process/task_queues:82:21)

Node.js v20.12.2
(node:2495860) [DEP0005] DeprecationWarning: Buffer() is deprecated due to security and usability issues. Please use the Buffer.alloc(), Buffer.allocUnsafe(), or Buffer.from() methods instead.
(Use `node --trace-deprecation ...` to show where the warning was created)
